TN:
SF:script/DeployDSC.s.sol
DA:14,42
FN:14,DeployDSC.run
FNDA:42,DeployDSC.run
DA:15,42
DA:17,42
DA:18,42
DA:19,42
DA:20,42
DA:22,42
DA:23,42
DA:24,42
DA:25,42
DA:26,42
DA:27,42
FNF:1
FNH:1
LF:12
LH:12
BRF:0
BRH:0
end_of_record
TN:
SF:script/HelperConfig.s.sol
DA:25,42
FN:25,HelperConfig.constructor
FNDA:42,HelperConfig.constructor
DA:26,42
BRDA:26,0,0,-
BRDA:26,0,1,42
DA:27,0
DA:29,42
DA:33,0
FN:33,HelperConfig.getSepoliaEthConfig
FNDA:0,HelperConfig.getSepoliaEthConfig
DA:34,0
DA:43,42
FN:43,HelperConfig.getOrCreateAnvilEthConfig
FNDA:42,HelperConfig.getOrCreateAnvilEthConfig
DA:45,42
BRDA:45,1,0,-
DA:46,0
DA:48,42
DA:49,42
DA:50,42
DA:52,42
DA:53,42
DA:54,42
DA:56,42
FNF:3
FNH:2
LF:16
LH:12
BRF:3
BRH:1
end_of_record
TN:
SF:src/DSCEngine.sol
DA:100,6
FN:100,DSCEngine.moreThanZero
FNDA:6,DSCEngine.moreThanZero
DA:101,6
BRDA:101,0,0,-
DA:102,0
DA:107,6
FN:107,DSCEngine.isAllowedToken
FNDA:6,DSCEngine.isAllowedToken
DA:108,6
BRDA:108,1,0,-
DA:109,0
DA:117,47
FN:117,DSCEngine.constructor
FNDA:47,DSCEngine.constructor
DA:118,47
BRDA:118,2,0,1
DA:119,1
DA:123,46
DA:124,88
DA:125,88
DA:127,46
DA:139,23
FN:139,DSCEngine.depositCollateralAndMintDsc
FNDA:23,DSCEngine.depositCollateralAndMintDsc
DA:144,23
DA:145,23
DA:154,11039
FN:154,DSCEngine.depositCollateral
FNDA:11039,DSCEngine.depositCollateral
DA:160,11060
DA:161,11060
DA:162,11060
DA:163,11060
BRDA:163,3,0,1
DA:164,1
DA:174,2
FN:174,DSCEngine.redeemCollateralForDsc
FNDA:2,DSCEngine.redeemCollateralForDsc
DA:179,1
DA:180,1
DA:181,1
DA:184,4
FN:184,DSCEngine.redeemCollateral
FNDA:4,DSCEngine.redeemCollateral
DA:190,3
BRDA:190,4,0,-
BRDA:190,4,1,3
DA:191,3
BRDA:191,5,0,-
BRDA:191,5,1,3
DA:193,3
DA:200,10373
FN:200,DSCEngine.mintDsc
FNDA:10373,DSCEngine.mintDsc
DA:201,10395
DA:202,10395
DA:203,10393
DA:205,10393
BRDA:205,6,0,1
DA:206,1
DA:215,3
FN:215,DSCEngine.burnDsc
FNDA:3,DSCEngine.burnDsc
DA:216,3
DA:217,2
DA:235,6
FN:235,DSCEngine.liquidate
FNDA:6,DSCEngine.liquidate
DA:241,6
DA:242,6
BRDA:242,7,0,1
DA:243,1
DA:247,5
DA:252,5
DA:253,5
DA:254,5
DA:255,5
DA:257,5
DA:259,5
BRDA:259,8,0,1
DA:260,1
DA:262,4
DA:272,8
FN:272,DSCEngine._burnDsc
FNDA:8,DSCEngine._burnDsc
DA:273,8
DA:275,7
DA:277,7
BRDA:277,9,0,-
DA:278,0
DA:280,7
DA:283,9
FN:283,DSCEngine._redeemCollateral
FNDA:9,DSCEngine._redeemCollateral
DA:286,9
BRDA:286,10,0,-
BRDA:286,10,1,9
DA:287,9
BRDA:287,11,0,-
BRDA:287,11,1,9
DA:290,9
DA:292,9
DA:295,9
DA:296,9
BRDA:296,12,0,1
DA:297,1
DA:301,21141
FN:301,DSCEngine._getAccountInformation
FNDA:21141,DSCEngine._getAccountInformation
DA:306,21141
DA:307,21141
DA:316,10419
FN:316,DSCEngine._healthFactor
FNDA:10419,DSCEngine._healthFactor
DA:317,10419
DA:318,10419
DA:319,10412
DA:320,10412
DA:323,42286
FN:323,DSCEngine._getUsdValue
FNDA:42286,DSCEngine._getUsdValue
DA:324,42286
DA:325,42286
DA:330,42286
DA:333,2
FN:333,DSCEngine._calculateHealthFactor
FNDA:2,DSCEngine._calculateHealthFactor
DA:338,2
DA:339,2
DA:340,2
DA:343,10402
FN:343,DSCEngine._revertIfHealthFactorIsBroken
FNDA:10402,DSCEngine._revertIfHealthFactorIsBroken
DA:344,10402
DA:345,10402
BRDA:345,15,0,2
DA:346,2
DA:356,1
FN:356,DSCEngine.getAccountCollateralValue
FNDA:1,DSCEngine.getAccountCollateralValue
DA:357,21142
DA:358,42279
DA:359,42279
DA:360,42279
DA:362,0
DA:365,7
FN:365,DSCEngine.getUsdValue
FNDA:7,DSCEngine.getUsdValue
DA:369,7
DA:372,6
FN:372,DSCEngine.getTokenAmountFromUsd
FNDA:6,DSCEngine.getTokenAmountFromUsd
DA:373,11
DA:374,11
DA:377,11
DA:378,11
BRDA:378,16,0,-
BRDA:378,16,1,11
DA:380,11
DA:383,11
DA:384,11
BRDA:384,17,0,-
BRDA:384,17,1,11
DA:386,11
DA:389,2
FN:389,DSCEngine.calculateHealthFactor
FNDA:2,DSCEngine.calculateHealthFactor
DA:394,2
DA:397,10998
FN:397,DSCEngine.getCollateralBalanceOfUser
FNDA:10998,DSCEngine.getCollateralBalanceOfUser
DA:398,10998
DA:401,10722
FN:401,DSCEngine.getAccountInformation
FNDA:10722,DSCEngine.getAccountInformation
DA:406,10722
DA:409,2
FN:409,DSCEngine.getPrecision
FNDA:2,DSCEngine.getPrecision
DA:410,2
DA:413,2
FN:413,DSCEngine.getAdditionalFeedPrecision
FNDA:2,DSCEngine.getAdditionalFeedPrecision
DA:414,2
DA:417,1
FN:417,DSCEngine.getLiquidationThreshold
FNDA:1,DSCEngine.getLiquidationThreshold
DA:418,1
DA:421,2
FN:421,DSCEngine.getLiquidationBonus
FNDA:2,DSCEngine.getLiquidationBonus
DA:422,2
DA:425,3
FN:425,DSCEngine.getLiquidationPrecision
FNDA:3,DSCEngine.getLiquidationPrecision
DA:426,3
DA:429,1
FN:429,DSCEngine.getMinHealthFactor
FNDA:1,DSCEngine.getMinHealthFactor
DA:430,1
DA:433,6
FN:433,DSCEngine.getHealthFactor
FNDA:6,DSCEngine.getHealthFactor
DA:434,6
DA:437,3
FN:437,DSCEngine.getCollateralTokens
FNDA:3,DSCEngine.getCollateralTokens
DA:438,3
DA:441,5
FN:441,DSCEngine.getCollateralTokenPriceFeed
FNDA:5,DSCEngine.getCollateralTokenPriceFeed
DA:442,5
DA:445,1
FN:445,DSCEngine.getDsc
FNDA:1,DSCEngine.getDsc
DA:446,1
FNF:33
FNH:33
LF:129
LH:125
BRF:22
BRH:13
end_of_record
TN:
SF:src/DecentralizedStableCoin.sol
DA:50,8
FN:50,DecentralizedStableCoin.burn
FNDA:8,DecentralizedStableCoin.burn
DA:51,8
DA:52,8
BRDA:52,0,0,1
DA:53,1
DA:55,7
BRDA:55,1,0,1
DA:56,1
DA:58,6
DA:61,10394
FN:61,DecentralizedStableCoin.mint
FNDA:10394,DecentralizedStableCoin.mint
DA:62,10394
BRDA:62,2,0,1
DA:63,1
DA:65,10393
BRDA:65,3,0,1
DA:66,1
DA:68,10392
DA:69,10392
FNF:2
FNH:2
LF:14
LH:14
BRF:4
BRH:4
end_of_record
TN:
SF:src/libraries/OracleLib.sol
DA:22,42298
FN:22,OracleLib.staleCheckLatestRoundData
FNDA:42298,OracleLib.staleCheckLatestRoundData
DA:27,42298
DA:28,42298
DA:31,42298
BRDA:31,0,0,-
DA:32,0
DA:35,42298
DA:36,42298
BRDA:36,1,0,1
DA:38,42297
DA:41,1
FN:41,OracleLib.getTimeout
FNDA:1,OracleLib.getTimeout
DA:42,1
FNF:2
FNH:2
LF:10
LH:9
BRF:2
BRH:1
end_of_record
TN:
SF:test/fuzz/Handler.t.sol
DA:25,2
FN:25,Handler.constructor
FNDA:2,Handler.constructor
DA:26,2
DA:27,2
DA:29,2
DA:30,2
DA:31,2
DA:33,2
DA:34,2
DA:39,11003
FN:39,Handler.mintDsc
FNDA:11003,Handler.mintDsc
DA:40,11003
BRDA:40,0,0,11003
DA:41,11003
DA:43,10717
DA:46,10717
DA:48,10717
DA:49,10717
BRDA:49,1,0,-
DA:50,0
DA:52,10717
DA:53,10717
BRDA:53,2,0,347
DA:54,347
DA:56,10370
DA:57,10370
DA:59,10370
DA:64,11026
FN:64,Handler.depositCollateral
FNDA:11026,Handler.depositCollateral
DA:65,11026
DA:66,11026
DA:68,11026
DA:69,11026
DA:70,11026
DA:71,11026
DA:72,11026
DA:73,11026
DA:76,10995
FN:76,Handler.redeemCollateral
FNDA:10995,Handler.redeemCollateral
DA:77,10995
DA:78,10995
DA:79,10995
DA:80,10995
BRDA:80,3,0,10995
DA:81,10995
DA:83,0
DA:94,22021
FN:94,Handler._getCollateralFromSeed
FNDA:22021,Handler._getCollateralFromSeed
DA:95,22021
BRDA:95,4,0,10960
BRDA:95,4,1,11061
DA:96,10960
DA:98,11061
FNF:5
FNH:5
LF:42
LH:40
BRF:6
BRH:5
end_of_record
TN:
SF:test/mocks/ERC20Mock.sol
DA:7,85
FN:7,ERC20Mock.constructor
FNDA:85,ERC20Mock.constructor
DA:16,85
DA:19,11112
FN:19,ERC20Mock.mint
FNDA:11112,ERC20Mock.mint
DA:20,11112
DA:23,0
FN:23,ERC20Mock.burn
FNDA:0,ERC20Mock.burn
DA:24,0
DA:27,0
FN:27,ERC20Mock.transferInternal
FNDA:0,ERC20Mock.transferInternal
DA:28,0
DA:31,0
FN:31,ERC20Mock.approveInternal
FNDA:0,ERC20Mock.approveInternal
DA:32,0
FNF:5
FNH:2
LF:10
LH:4
BRF:0
BRH:0
end_of_record
TN:
SF:test/mocks/MockFailedMintDsc.sol
DA:22,0
FN:22,MockFailedMintDsc.burn
FNDA:0,MockFailedMintDsc.burn
DA:23,0
DA:24,0
BRDA:24,0,0,-
DA:25,0
DA:27,0
BRDA:27,1,0,-
DA:28,0
DA:30,0
DA:33,1
FN:33,MockFailedMintDsc.mint
FNDA:1,MockFailedMintDsc.mint
DA:34,1
BRDA:34,2,0,-
DA:35,0
DA:37,1
BRDA:37,3,0,-
DA:38,0
DA:40,1
DA:41,1
FNF:2
FNH:1
LF:14
LH:5
BRF:4
BRH:0
end_of_record
TN:
SF:test/mocks/MockFailedTransfer.sol
DA:22,0
FN:22,MockFailedTransfer.burn
FNDA:0,MockFailedTransfer.burn
DA:23,0
DA:24,0
BRDA:24,0,0,-
DA:25,0
DA:27,0
BRDA:27,1,0,-
DA:28,0
DA:30,0
DA:33,1
FN:33,MockFailedTransfer.mint
FNDA:1,MockFailedTransfer.mint
DA:34,1
DA:37,1
FN:37,MockFailedTransfer.transfer
FNDA:1,MockFailedTransfer.transfer
DA:38,1
FNF:3
FNH:2
LF:11
LH:4
BRF:2
BRH:0
end_of_record
TN:
SF:test/mocks/MockFailedTransferFrom.sol
DA:22,0
FN:22,MockFailedTransferFrom.burn
FNDA:0,MockFailedTransferFrom.burn
DA:23,0
DA:24,0
BRDA:24,0,0,-
DA:25,0
DA:27,0
BRDA:27,1,0,-
DA:28,0
DA:30,0
DA:33,1
FN:33,MockFailedTransferFrom.mint
FNDA:1,MockFailedTransferFrom.mint
DA:34,1
DA:37,1
FN:37,MockFailedTransferFrom.transferFrom
FNDA:1,MockFailedTransferFrom.transferFrom
DA:43,1
FNF:3
FNH:2
LF:11
LH:4
BRF:2
BRH:0
end_of_record
TN:
SF:test/mocks/MockMoreDebtDsc.sol
DA:58,1
FN:58,MockMoreDebtDsc.constructor
FNDA:1,MockMoreDebtDsc.constructor
DA:59,1
DA:62,1
FN:62,MockMoreDebtDsc.burn
FNDA:1,MockMoreDebtDsc.burn
DA:64,1
DA:65,1
DA:66,1
BRDA:66,0,0,-
DA:67,0
DA:69,1
BRDA:69,1,0,-
DA:70,0
DA:72,1
DA:75,2
FN:75,MockMoreDebtDsc.mint
FNDA:2,MockMoreDebtDsc.mint
DA:76,2
BRDA:76,2,0,-
DA:77,0
DA:79,2
BRDA:79,3,0,-
DA:80,0
DA:82,2
DA:83,2
FNF:3
FNH:3
LF:17
LH:13
BRF:4
BRH:0
end_of_record
TN:
SF:test/mocks/MockV3Aggregator.sol
DA:25,126
FN:25,MockV3Aggregator.constructor
FNDA:126,MockV3Aggregator.constructor
DA:26,126
DA:27,126
DA:30,173
FN:30,MockV3Aggregator.updateAnswer
FNDA:173,MockV3Aggregator.updateAnswer
DA:31,173
DA:32,173
DA:33,173
DA:34,173
DA:35,173
DA:36,173
DA:39,0
FN:39,MockV3Aggregator.updateRoundData
FNDA:0,MockV3Aggregator.updateRoundData
DA:40,0
DA:41,0
DA:42,0
DA:43,0
DA:44,0
DA:45,0
DA:46,0
DA:49,0
FN:49,MockV3Aggregator.getRoundData
FNDA:0,MockV3Aggregator.getRoundData
DA:54,0
DA:57,42300
FN:57,MockV3Aggregator.latestRoundData
FNDA:42300,MockV3Aggregator.latestRoundData
DA:62,42300
DA:71,0
FN:71,MockV3Aggregator.description
FNDA:0,MockV3Aggregator.description
DA:72,0
FNF:6
FNH:3
LF:24
LH:12
BRF:0
BRH:0
end_of_record
